生成启动时间为 2016-05-31 19:39:03。
     1>项目“E:\proj\gui2\miniblink\trunk\build\ots\ots.vcxproj”在节点 2 上(Rebuild 个目标)。
     1>ClCompile:
         C:\Program Files (x86)\Microsoft Visual Studio 12.0\VC\bin\CL.exe /c /I../../third_party/ots/ /ZI /nologo /W3 /WX- /sdl /Od /Oy- /D WIN32 /D _DEBUG /D _LIB /D _UNICODE /D UNICODE /Gm /EHsc /RTC1 /MDd /GS /fp:precise /Zc:wchar_t /Zc:forScope /Yc"stdafx.h" /Fp"Debug\ots.pch" /Fo"Debug\\" /Fd"Debug\vc120.pdb" /Gd /TP /analyze- /errorReport:prompt stdafx.cpp
         stdafx.cpp
         C:\Program Files (x86)\Microsoft Visual Studio 12.0\VC\bin\CL.exe /c /I../../third_party/ots/ /ZI /nologo /W3 /WX- /sdl /Od /Oy- /D WIN32 /D _DEBUG /D _LIB /D _UNICODE /D UNICODE /Gm /EHsc /RTC1 /MDd /GS /fp:precise /Zc:wchar_t /Zc:forScope /Fo"Debug\\" /Fd"Debug\vc120.pdb" /Gd /TP /analyze- /errorReport:prompt ..\..\third_party\ots\src\cff.cc ..\..\third_party\ots\src\cff_type2_charstring.cc ..\..\third_party\ots\src\cmap.cc ..\..\third_party\ots\src\cvt.cc ..\..\third_party\ots\src\fpgm.cc ..\..\third_party\ots\src\gasp.cc ..\..\third_party\ots\src\gdef.cc ..\..\third_party\ots\src\glyf.cc ..\..\third_party\ots\src\gpos.cc ..\..\third_party\ots\src\gsub.cc ..\..\third_party\ots\src\hdmx.cc ..\..\third_party\ots\src\head.cc ..\..\third_party\ots\src\hhea.cc ..\..\third_party\ots\src\hmtx.cc ..\..\third_party\ots\src\kern.cc ..\..\third_party\ots\src\layout.cc ..\..\third_party\ots\src\loca.cc ..\..\third_party\ots\src\ltsh.cc ..\..\third_party\ots\src\math.cc ..\..\third_party\ots\src\maxp.cc ..\..\third_party\ots\src\metrics.cc ..\..\third_party\ots\src\name.cc ..\..\third_party\ots\src\os2.cc ..\..\third_party\ots\src\ots.cc ..\..\third_party\ots\src\post.cc ..\..\third_party\ots\src\prep.cc ..\..\third_party\ots\src\vdmx.cc ..\..\third_party\ots\src\vhea.cc ..\..\third_party\ots\src\vmtx.cc ..\..\third_party\ots\src\vorg.cc ..\..\third_party\ots\src\woff2.cc
         woff2.cc
     1>e:\proj\gui2\miniblink\trunk\third_party\ots\src\woff2.cc(12): fatal error C1083: 无法打开包括文件: “zlib.h”: No such file or directory
         vorg.cc
     1>e:\proj\gui2\miniblink\trunk\third_party\ots\src\ots.h(16): fatal error C1083: 无法打开包括文件: “opentype-sanitiser.h”: No such file or directory
         vmtx.cc
     1>e:\proj\gui2\miniblink\trunk\third_party\ots\src\ots.h(16): fatal error C1083: 无法打开包括文件: “opentype-sanitiser.h”: No such file or directory
         vhea.cc
     1>e:\proj\gui2\miniblink\trunk\third_party\ots\src\ots.h(16): fatal error C1083: 无法打开包括文件: “opentype-sanitiser.h”: No such file or directory
         vdmx.cc
     1>e:\proj\gui2\miniblink\trunk\third_party\ots\src\ots.h(16): fatal error C1083: 无法打开包括文件: “opentype-sanitiser.h”: No such file or directory
         prep.cc
     1>e:\proj\gui2\miniblink\trunk\third_party\ots\src\ots.h(16): fatal error C1083: 无法打开包括文件: “opentype-sanitiser.h”: No such file or directory
         post.cc
     1>e:\proj\gui2\miniblink\trunk\third_party\ots\src\ots.h(16): fatal error C1083: 无法打开包括文件: “opentype-sanitiser.h”: No such file or directory
         ots.cc
     1>e:\proj\gui2\miniblink\trunk\third_party\ots\src\ots.h(16): fatal error C1083: 无法打开包括文件: “opentype-sanitiser.h”: No such file or directory
         os2.cc
     1>e:\proj\gui2\miniblink\trunk\third_party\ots\src\ots.h(16): fatal error C1083: 无法打开包括文件: “opentype-sanitiser.h”: No such file or directory
         name.cc
     1>e:\proj\gui2\miniblink\trunk\third_party\ots\src\ots.h(16): fatal error C1083: 无法打开包括文件: “opentype-sanitiser.h”: No such file or directory
         metrics.cc
     1>e:\proj\gui2\miniblink\trunk\third_party\ots\src\ots.h(16): fatal error C1083: 无法打开包括文件: “opentype-sanitiser.h”: No such file or directory
         maxp.cc
     1>e:\proj\gui2\miniblink\trunk\third_party\ots\src\ots.h(16): fatal error C1083: 无法打开包括文件: “opentype-sanitiser.h”: No such file or directory
         math.cc
     1>e:\proj\gui2\miniblink\trunk\third_party\ots\src\ots.h(16): fatal error C1083: 无法打开包括文件: “opentype-sanitiser.h”: No such file or directory
         ltsh.cc
     1>e:\proj\gui2\miniblink\trunk\third_party\ots\src\ots.h(16): fatal error C1083: 无法打开包括文件: “opentype-sanitiser.h”: No such file or directory
         loca.cc
     1>e:\proj\gui2\miniblink\trunk\third_party\ots\src\ots.h(16): fatal error C1083: 无法打开包括文件: “opentype-sanitiser.h”: No such file or directory
         layout.cc
     1>e:\proj\gui2\miniblink\trunk\third_party\ots\src\ots.h(16): fatal error C1083: 无法打开包括文件: “opentype-sanitiser.h”: No such file or directory
         kern.cc
     1>e:\proj\gui2\miniblink\trunk\third_party\ots\src\ots.h(16): fatal error C1083: 无法打开包括文件: “opentype-sanitiser.h”: No such file or directory
         hmtx.cc
     1>e:\proj\gui2\miniblink\trunk\third_party\ots\src\ots.h(16): fatal error C1083: 无法打开包括文件: “opentype-sanitiser.h”: No such file or directory
         hhea.cc
     1>e:\proj\gui2\miniblink\trunk\third_party\ots\src\ots.h(16): fatal error C1083: 无法打开包括文件: “opentype-sanitiser.h”: No such file or directory
         head.cc
     1>e:\proj\gui2\miniblink\trunk\third_party\ots\src\ots.h(16): fatal error C1083: 无法打开包括文件: “opentype-sanitiser.h”: No such file or directory
         正在生成代码...
         正在编译...
         hdmx.cc
     1>e:\proj\gui2\miniblink\trunk\third_party\ots\src\ots.h(16): fatal error C1083: 无法打开包括文件: “opentype-sanitiser.h”: No such file or directory
         gsub.cc
     1>e:\proj\gui2\miniblink\trunk\third_party\ots\src\ots.h(16): fatal error C1083: 无法打开包括文件: “opentype-sanitiser.h”: No such file or directory
         gpos.cc
     1>e:\proj\gui2\miniblink\trunk\third_party\ots\src\ots.h(16): fatal error C1083: 无法打开包括文件: “opentype-sanitiser.h”: No such file or directory
         glyf.cc
     1>e:\proj\gui2\miniblink\trunk\third_party\ots\src\ots.h(16): fatal error C1083: 无法打开包括文件: “opentype-sanitiser.h”: No such file or directory
         gdef.cc
     1>e:\proj\gui2\miniblink\trunk\third_party\ots\src\ots.h(16): fatal error C1083: 无法打开包括文件: “opentype-sanitiser.h”: No such file or directory
         gasp.cc
     1>e:\proj\gui2\miniblink\trunk\third_party\ots\src\ots.h(16): fatal error C1083: 无法打开包括文件: “opentype-sanitiser.h”: No such file or directory
         fpgm.cc
     1>e:\proj\gui2\miniblink\trunk\third_party\ots\src\ots.h(16): fatal error C1083: 无法打开包括文件: “opentype-sanitiser.h”: No such file or directory
         cvt.cc
     1>e:\proj\gui2\miniblink\trunk\third_party\ots\src\ots.h(16): fatal error C1083: 无法打开包括文件: “opentype-sanitiser.h”: No such file or directory
         cmap.cc
     1>e:\proj\gui2\miniblink\trunk\third_party\ots\src\ots.h(16): fatal error C1083: 无法打开包括文件: “opentype-sanitiser.h”: No such file or directory
         cff_type2_charstring.cc
     1>e:\proj\gui2\miniblink\trunk\third_party\ots\src\ots.h(16): fatal error C1083: 无法打开包括文件: “opentype-sanitiser.h”: No such file or directory
         cff.cc
     1>e:\proj\gui2\miniblink\trunk\third_party\ots\src\ots.h(16): fatal error C1083: 无法打开包括文件: “opentype-sanitiser.h”: No such file or directory
         正在生成代码...
     1>已完成生成项目“E:\proj\gui2\miniblink\trunk\build\ots\ots.vcxproj”(Rebuild 个目标)的操作 - 失败。

生成失败。

已用时间 00:00:12.45
